\BOOKMARK [0][]{chapter.2}{\376\377\000M\036\330\000T\000\040\000S\036\320\000\040\000Y\036\276\000U\000\040\000T\036\320\000\040\000T\000H\036\320\000N\000G\000\040\000K\000\312\000\040\000V\000\300\000\040\000X\000\301\000C\000\040\000S\000U\036\244\000T}{}% 1
\BOOKMARK [1][]{section.2.1}{\376\377\000s\000u\000b\000s\000u\000b\000s\000e\000c\000t\000i\000o\000n\000T\000H\000U\000\040\000T\000H\036\254\000P\000,\000\040\000T\036\324\000\040\000C\000H\036\350\000C\000,\000\040\000B\000I\036\302\000U\000\040\000D\000I\036\304\000N\000,\000\040\000P\000H\000\302\000N\000\040\000T\000\315\000C\000H\000\040\000V\000\300\000\040\000X\036\354\000\040\000L\000\315\000\040\000D\036\356\000\040\000L\000I\036\306\000U}{chapter.2}% 2
\BOOKMARK [2][]{subsection.2.1.1}{\376\377\000K\000I\036\276\000N\000\040\000T\000H\036\350\000C\000\040\000C\036\246\000N\000\040\000N\000H\036\332}{section.2.1}% 3
\BOOKMARK [2][]{subsection.2.1.2}{\376\377\000T\000H\036\360\000C\000\040\000H\000\300\000N\000H\000\040\000G\000I\036\242\000I\000\040\000T\000O\000\301\000N}{section.2.1}% 4
\BOOKMARK [2][]{subsection.2.1.3}{\376\377\000M\036\336\000\040\000R\036\330\000N\000G\000\040\000K\000I\036\276\000N\000\040\000T\000H\036\350\000C}{section.2.1}% 5
\BOOKMARK [2][]{subsection.2.1.4}{\376\377\000B\000\300\000I\000\040\000T\036\254\000P\000\040\000T\036\360\000\040\000L\000U\000Y\036\306\000N}{section.2.1}% 6
\BOOKMARK [1][]{section.2.2}{\376\377\000B\000I\036\302\000U\000\040\001\020\036\322\000\040\000V\000\300\000\040\000C\000\301\000C\000\040\000D\036\240\000N\000G\000\040\000B\000I\036\302\000U\000\040\001\020\036\322}{chapter.2}% 7
\BOOKMARK [2][]{subsection.2.2.1}{\376\377\000C\000\301\000C\000\040\000K\000I\036\276\000N\000\040\000T\000H\036\350\000C\000\040\000C\036\246\000N\000\040\000N\000H\036\332}{section.2.2}% 8
\BOOKMARK [2][]{subsection.2.2.2}{\376\377\000T\000H\036\360\000C\000\040\000H\000\300\000N\000H\000\040\000G\000I\036\242\000I\000\040\000T\000O\000\301\000N}{section.2.2}% 9
\BOOKMARK [2][]{subsection.2.2.3}{\376\377\000M\036\336\000\040\000R\036\330\000N\000G\000\040\000K\000I\036\276\000N\000\040\000T\000H\036\350\000C}{section.2.2}% 10
\BOOKMARK [2][]{subsection.2.2.4}{\376\377\000B\000\300\000I\000\040\000T\036\254\000P\000\040\000T\036\360\000\040\000L\000U\000Y\036\306\000N}{section.2.2}% 11
\BOOKMARK [1][]{section.2.3}{\376\377\036\350\000N\000G\000\040\000D\036\344\000N\000G\000\040\000X\000\301\000C\000\040\000S\000U\036\244\000T\000\040\000T\000R\000O\000N\000G\000\040\000T\000H\036\360\000C\000\040\000T\000I\036\304\000N\000\040\000C\000\301\000C\000\040\000K\000I\036\276\000N\000\040\000T\000H\036\350\000C\000\040\000C\036\246\000N\000\040\000N\000H\036\332}{chapter.2}% 12
\BOOKMARK [2][]{subsection.2.3.1}{\376\377\000T\000H\036\360\000C\000\040\000H\000\300\000N\000H\000\040\000G\000I\036\242\000I\000\040\000T\000O\000\301\000N}{section.2.3}% 13
\BOOKMARK [2][]{subsection.2.3.2}{\376\377\000M\036\336\000\040\000R\036\330\000N\000G\000\040\000K\000I\036\276\000N\000\040\000T\000H\036\350\000C}{section.2.3}% 14
\BOOKMARK [2][]{subsection.2.3.3}{\376\377\000B\000\300\000I\000\040\000T\036\254\000P\000\040\000T\036\360\000\040\000L\000U\000Y\036\306\000N}{section.2.3}% 15
\BOOKMARK [1][]{section.2.4}{\376\377\000B\000\300\000I\000\040\000T\036\254\000P\000\040\000C\000U\036\320\000I\000\040\000C\000H\001\257\001\240\000N\000G\000\040\000V}{chapter.2}% 16
\BOOKMARK [2][]{subsection.2.4.1}{\376\377\000S\001\240\000\040\001\020\036\322\000\040\000T\001\257\000\040\000D\000U\000Y\000\040\000T\036\324\000N\000G\000\040\000K\036\276\000T\000\040\000C\000H\001\257\001\240\000N\000G\000\040\000V}{section.2.4}% 17
\BOOKMARK [2][]{subsection.2.4.2}{\376\377\000C\000\302\000U\000\040\000H\036\316\000I\000\040\000T\000R\036\256\000C\000\040\000N\000G\000H\000I\036\306\000M}{section.2.4}% 18
\BOOKMARK [2][]{subsection.2.4.3}{\376\377\000B\000\300\000I\000\040\000T\036\254\000P\000\040\000T\036\360\000\040\000L\000U\036\254\000N}{section.2.4}% 19
\BOOKMARK [2][]{subsection.2.4.4}{\376\377\000G\000I\036\242\000I\000\040\000B\000\300\000I\000\040\000T\036\254\000P\000\040\000T\036\360\000\040\000L\000U\000Y\036\306\000N\000\040\000C\000H\001\257\001\240\000N\000G\000\040\0002}{section.2.4}% 20
